Processing SGD (Case Grammar) ...
  SGD: 138696 rows before balance.
Saved 5688 SGD rows -> data/processed/case_grammar/cg_v1_sgd.jsonl
  Saturation distribution (missing rows):
    [0.0]   527  #############
    [0.2]   353  #########
    [0.4]   602  ###############
    [0.6]   792  ####################
    [0.8]     8  
    [1.0]   562  ##############
  is_saturated=True: 562 / 2844
  Case role distribution (missing rows):
    Theme          993
    Manner         474
    Time           474
    Agent          429
    Location       263
    Source         115
    Goal            96
Processing MultiWOZ (Case Grammar) ...
  MultiWOZ: 0 rows before balance.
Processing QA-SRL (temp_qasrl/qasrl-v2/orig/dev.jsonl.gz) ...
  Warning: temp_qasrl/qasrl-v2/orig/dev.jsonl.gz not found.

Done. Case Grammar datasets saved to data/processed/case_grammar
